<?xml version="1.0" encoding="UTF-8"?>
<coverage generated="1713522495823" clover="3.2.0">
  <project timestamp="1713522495823" name="All files">
    <metrics statements="25" coveredstatements="25" conditionals="16" coveredconditionals="15" methods="6" coveredmethods="6" elements="47" coveredelements="46" complexity="0" loc="25" ncloc="25" packages="1" files="1" classes="1"/>
    <file name="MyComponent.js" path="C:\Users\grego\Dev\MonProjet\MyComponent.js">
      <metrics statements="25" coveredstatements="25" conditionals="16" coveredconditionals="15" methods="6" coveredmethods="6"/>
      <line num="5" count="3" type="stmt"/>
      <line num="16" count="3" type="stmt"/>
      <line num="17" count="3" type="stmt"/>
      <line num="18" count="3" type="stmt"/>
      <line num="19" count="3" type="stmt"/>
      <line num="23" count="3" type="cond" truecount="2" falsecount="0"/>
      <line num="24" count="1" type="stmt"/>
      <line num="25" count="2" type="cond" truecount="2" falsecount="0"/>
      <line num="26" count="1" type="stmt"/>
      <line num="27" count="1" type="cond" truecount="3" falsecount="1"/>
      <line num="28" count="1" type="stmt"/>
      <line num="34" count="3" type="cond" truecount="4" falsecount="0"/>
      <line num="35" count="2" type="stmt"/>
      <line num="37" count="2" type="cond" truecount="4" falsecount="0"/>
      <line num="38" count="1" type="stmt"/>
      <line num="39" count="1" type="stmt"/>
      <line num="41" count="1" type="stmt"/>
      <line num="42" count="1" type="stmt"/>
      <line num="45" count="1" type="stmt"/>
      <line num="52" count="3" type="stmt"/>
      <line num="53" count="3" type="stmt"/>
      <line num="54" count="3" type="stmt"/>
      <line num="58" count="3" type="stmt"/>
      <line num="59" count="3" type="stmt"/>
      <line num="60" count="3" type="stmt"/>
    </file>
  </project>
</coverage>
