TN:
SF:MyComponent.js
FN:4,MyComponent
FN:15,handleFormSubmit
FN:22,Result
FN:32,myAverAge
FN:51,init
FN:57,addListener
FNF:6
FNH:6
FNDA:3,MyComponent
FNDA:3,handleFormSubmit
FNDA:3,Result
FNDA:3,myAverAge
FNDA:3,init
FNDA:3,addListener
DA:5,3
DA:16,3
DA:17,3
DA:18,3
DA:19,3
DA:23,3
DA:24,1
DA:25,2
DA:26,1
DA:27,1
DA:28,1
DA:34,3
DA:35,2
DA:37,2
DA:38,1
DA:39,1
DA:41,1
DA:42,1
DA:45,1
DA:52,3
DA:53,3
DA:54,3
DA:58,3
DA:59,3
DA:60,3
LF:25
LH:25
BRDA:23,0,0,1
BRDA:23,0,1,2
BRDA:25,1,0,1
BRDA:25,1,1,1
BRDA:27,2,0,1
BRDA:27,2,1,0
BRDA:27,3,0,1
BRDA:27,3,1,1
BRDA:34,4,0,2
BRDA:34,4,1,1
BRDA:34,5,0,3
BRDA:34,5,1,3
BRDA:37,6,0,1
BRDA:37,6,1,1
BRDA:37,7,0,2
BRDA:37,7,1,1
BRF:16
BRH:15
end_of_record
